locale-toast_setting_plugin-test/app/build/outputs/logs/manifest-merger-debug-report.txt
-- Merging decision tree log ---
manifest
ADDED from src/main/AndroidManifest.xml:15:1-39:12
	package
		ADDED from src/main/AndroidManifest.xml:17:5-47
		INJECTED from src/main/AndroidManifest.xml
		INJECTED from src/main/AndroidManifest.xml
	android:versionName
		ADDED from src/main/AndroidManifest.xml:19:5-30
		INJECTED from src/main/AndroidManifest.xml
		INJECTED from src/main/AndroidManifest.xml
	xmlns:tools
		ADDED from src/main/AndroidManifest.xml:16:5-51
	android:versionCode
		ADDED from src/main/AndroidManifest.xml:18:5-28
		INJECTED from src/main/AndroidManifest.xml
		INJECTED from src/main/AndroidManifest.xml
	xmlns:android
		ADDED from src/main/AndroidManifest.xml:15:11-69
uses-sdk
ADDED from src/main/AndroidManifest.xml:21:5-23:41
	android:targetSdkVersion
		ADDED from src/main/AndroidManifest.xml:23:9-38
		INJECTED from src/main/AndroidManifest.xml
		INJECTED from src/main/AndroidManifest.xml
	android:minSdkVersion
		ADDED from src/main/AndroidManifest.xml:22:9-34
		INJECTED from src/main/AndroidManifest.xml
		INJECTED from src/main/AndroidManifest.xml
uses-feature#android.hardware.touchscreen
ADDED from src/main/AndroidManifest.xml:25:5-27:36
	android:required
		ADDED from src/main/AndroidManifest.xml:27:9-33
	android:name
		ADDED from src/main/AndroidManifest.xml:26:9-52
instrumentation#android.test.InstrumentationTestRunner
ADDED from src/main/AndroidManifest.xml:29:5-31:63
	android:targetPackage
		ADDED from src/main/AndroidManifest.xml:31:9-60
	android:name
		ADDED from src/main/AndroidManifest.xml:30:9-62
application
ADDED from src/main/AndroidManifest.xml:33:5-37:19
	android:label
		ADDED from src/main/AndroidManifest.xml:34:9-41
	tools:ignore
		ADDED from src/main/AndroidManifest.xml:35:9-35
uses-library#android.test.runner
ADDED from src/main/AndroidManifest.xml:36:9-60
	android:name
		ADDED from src/main/AndroidManifest.xml:36:23-57